p/p447.png 1 0 0 53 132
p/p446.png 1 0 0 83 99
p/p445.png 1 0 0 51 97
p/p444.png 1 0 0 88 60
p/p443.png 1 0 0 140 47
p/p442.png 1 0 0 135 69
p/p441.png 1 0 0 137 94
p/p440.png 1 0 0 132 93
p/p439.png 1 0 0 130 68
p/p438.png 1 0 0 79 60
p/p437.png 1 0 0 81 59
p/p436.png 1 0 0 123 49
p/p435.png 1 0 0 115 92
p/p434.png 1 0 0 76 102
p/p433.png 1 0 0 81 111
p/p432.png 1 0 0 80 59
p/p431.png 1 0 0 122 51
p/p430.png 1 0 0 102 98
p/p429.png 1 0 0 106 99
p/p428.png 1 0 0 117 68
p/p427.png 1 0 0 82 55
p/p426.png 1 0 0 78 55
p/p425.png 1 0 0 113 44
p/p424.png 1 0 0 104 94
p/p423.png 1 0 0 87 95
p/p422.png 1 0 0 108 92
p/p421.png 1 0 0 125 66
p/p420.png 1 0 0 81 63
p/p419.png 1 0 0 91 75
p/p418.png 1 0 0 115 61
p/p417.png 1 0 0 108 95
p/p416.png 1 0 0 88 101
p/p415.png 1 0 0 95 101
p/p414.png 1 0 0 107 81
p/p413.png 1 0 0 108 69
p/p412.png 1 0 0 71 96
p/p411.png 1 0 0 68 77
p/p410.png 1 0 0 124 70
p/p409.png 1 0 0 105 87
p/p408.png 1 0 0 66 95
p/p407.png 1 0 0 67 102
p/p406.png 1 0 0 103 93
p/p405.png 1 0 0 130 68
p/p404.png 1 0 0 80 61
p/p403.png 1 0 0 82 65
p/p402.png 1 0 0 123 66
p/p401.png 1 0 0 105 90
p/p400.png 1 0 0 69 95
p/p399.png 1 0 0 74 97
p/p398.png 1 0 0 105 90
p/p397.png 1 0 0 118 62
p/p396.png 1 0 0 74 67
p/p395.png 1 0 0 117 60
p/p394.png 1 0 0 103 103
p/p393.png 1 0 0 79 103
p/p392.png 1 0 0 82 95
p/p391.png 1 0 0 100 92
p/p390.png 1 0 0 116 93
p/p389.png 1 0 0 73 61
p/p388.png 1 0 0 88 39
p/p387.png 1 0 0 103 105
p/p386.png 1 0 0 82 97
p/p385.png 1 0 0 87 97
p/p384.png 1 0 0 105 91
p/p383.png 1 0 0 111 64
p/p382.png 1 0 0 85 48
p/p381.png 1 0 0 60 96
p/p380.png 1 0 0 72 101
p/p379.png 1 0 0 86 48
p/p378.png 1 0 0 109 93
p/p377.png 1 0 0 105 90
p/p376.png 1 0 0 97 102
p/p375.png 1 0 0 100 96
p/p374.png 1 0 0 106 86
p/p373.png 1 0 0 112 90
p/p372.png 1 0 0 107 72
p/p371.png 1 0 0 74 88
p/p370.png 1 0 0 66 63
p/p369.png 1 0 0 92 93
p/p368.png 1 0 0 73 105
p/p367.png 1 0 0 67 100
p/p366.png 1 0 0 78 62
p/p365.png 1 0 0 71 44
p/p364.png 1 0 0 50 55
p/p363.png 1 0 0 62 43
p/p362.png 1 0 0 96 70
p/p361.png 1 0 0 67 93
p/p359.png 1 0 0 78 47
p/p357.png 1 0 0 59 59
p/p356.png 1 0 0 68 43
p/p355.png 1 0 0 100 92
p/p354.png 1 0 0 72 94
p/p353.png 1 0 0 77 96
p/p352.png 1 0 0 96 82
p/p351.png 1 0 0 82 56
p/p350.png 1 0 0 80 92
p/p349.png 1 0 0 79 86
p/p348.png 1 0 0 58 61
p/p347.png 1 0 0 71 51
p/p346.png 1 0 0 97 84
p/p345.png 1 0 0 72 100
p/p344.png 1 0 0 75 98
p/p343.png 1 0 0 101 84
p/p342.png 1 0 0 90 66
p/p340.png 1 0 0 82 93
p/p339.png 1 0 0 76 65
p/p338.png 1 0 0 113 62
p/p336.png 1 0 0 73 105
p/p335.png 1 0 0 81 96
p/p332.png 1 0 0 107 84
p/p331.png 1 0 0 98 97
p/p330.png 1 0 0 98 103
p/p329.png 1 0 0 103 85
p/p328.png 1 0 0 105 93
p/p326.png 1 0 0 87 103
p/p325.png 1 0 0 106 86
p/p324.png 1 0 0 104 87
p/p322.png 1 0 0 101 83
p/p321.png 1 0 0 92 56
p/p320.png 1 0 0 94 60
p/p319.png 1 0 0 97 65
p/p318.png 1 0 0 95 67
p/p315.png 1 0 0 91 60
p/p314.png 1 0 0 85 51
p/p313.png 1 0 0 88 57
p/p311.png 1 0 0 91 65
p/p309.png 1 0 0 82 51
p/p304.png 1 0 0 113 84
p/p303.png 1 0 0 102 45
p/p240.png 1 0 0 86 46
p/p239.png 1 0 0 72 35
p/p238.png 1 0 0 73 31
p/p237.png 1 0 0 73 42
p/p236.png 1 0 0 81 47
p/p235.png 1 0 0 73 46
p/p234.png 1 0 0 75 44
p/p233.png 1 0 0 73 56
p/p232.png 1 0 0 71 43
p/p231.png 1 0 0 73 50
p/p230.png 1 0 0 68 53
p/p229.png 1 0 0 79 54
p/p228.png 1 0 0 66 54
p/p227.png 1 0 0 70 52
p/p226.png 1 0 0 69 65
p/p225.png 1 0 0 51 112
p/p224.png 1 0 0 54 126
p/p223.png 1 0 0 64 82
p/p222.png 1 0 0 65 68
p/p221.png 1 0 0 64 77
p/p220.png 1 0 0 62 54
p/p219.png 1 0 0 74 75
p/p217.png 1 0 0 89 64
p/p216.png 1 0 0 86 57
p/p215.png 1 0 0 89 53
p/p214.png 1 0 0 86 62
p/p213.png 1 0 0 83 49
p/p212.png 1 0 0 82 57
p/p211.png 1 0 0 86 57
p/p210.png 1 0 0 86 57
p/p209.png 1 0 0 86 61
p/p208.png 1 0 0 93 58
p/p207.png 1 0 0 86 61
p/p206.png 1 0 0 92 61
p/p205.png 1 0 0 86 59
p/p204.png 1 0 0 87 63
p/p203.png 1 0 0 89 56
p/p202.png 1 0 0 89 56
p/p201.png 1 0 0 87 48
p/p200.png 1 0 0 79 40
p/p199.png 1 0 0 80 45
p/p198.png 1 0 0 92 51
p/p197.png 1 0 0 76 47
p/p196.png 1 0 0 113 92
p/p195.png 1 0 0 115 55
p/p194.png 1 0 0 111 53
p/p193.png 1 0 0 111 48
p/p192.png 1 0 0 104 47
p/p191.png 1 0 0 104 44
p/p190.png 1 0 0 104 45
p/p189.png 1 0 0 108 45
p/p188.png 1 0 0 115 45
p/p187.png 1 0 0 130 49
p/p186.png 1 0 0 117 47
p/p185.png 1 0 0 122 46
p/p184.png 1 0 0 114 82
p/p183.png 1 0 0 116 49
p/p182.png 1 0 0 110 83
p/p181.png 1 0 0 93 58
p/p180.png 1 0 0 86 58
p/p179.png 1 0 0 90 50
p/p178.png 1 0 0 86 53
p/p177.png 1 0 0 93 58
p/p176.png 1 0 0 89 69
p/p175.png 1 0 0 101 52
p/p174.png 1 0 0 137 79
p/p173.png 1 0 0 140 81
p/p172.png 1 0 0 151 80
p/p171.png 1 0 0 133 74
p/p170.png 1 0 0 135 71
p/p169.png 1 0 0 134 75
p/p168.png 1 0 0 118 92
p/p167.png 1 0 0 103 83
p/p166.png 1 0 0 109 80
p/p165.png 1 0 0 110 77
p/p164.png 1 0 0 111 58
p/p163.png 1 0 0 106 84
p/p162.png 1 0 0 116 66
p/p161.png 1 0 0 112 57
p/p160.png 1 0 0 112 53
p/p159.png 1 0 0 110 60
p/p158.png 1 0 0 118 61
p/p157.png 1 0 0 121 63
p/p156.png 1 0 0 115 55
p/p155.png 1 0 0 119 55
p/p154.png 1 0 0 141 56
p/p153.png 1 0 0 119 68
p/p152.png 1 0 0 122 76
p/p151.png 1 0 0 120 85
p/p150.png 1 0 0 123 77
p/p149.png 1 0 0 118 75
p/p148.png 1 0 0 125 79
p/p147.png 1 0 0 135 67
p/p146.png 1 0 0 138 71
p/p145.png 1 0 0 124 68
p/p144.png 1 0 0 127 70
p/p143.png 1 0 0 126 69
p/p142.png 1 0 0 125 74
p/p141.png 1 0 0 116 58
p/p140.png 1 0 0 118 61
p/p139.png 1 0 0 113 58
p/p138.png 1 0 0 114 60
p/p137.png 1 0 0 113 60
p/p136.png 1 0 0 134 75
p/p135.png 1 0 0 131 74
p/p134.png 1 0 0 131 75
p/p133.png 1 0 0 141 74
p/p132.png 1 0 0 129 70
p/p131.png 1 0 0 128 71
p/p130.png 1 0 0 31 85
p/p129.png 1 0 0 25 71
p/p128.png 1 0 0 34 88
p/p127.png 1 0 0 33 73
p/p126.png 1 0 0 27 75
p/p125.png 1 0 0 25 79
p/p124.png 1 0 0 25 76
p/p123.png 1 0 0 49 64
p/p122.png 1 0 0 52 85
p/p121.png 1 0 0 58 75
p/p120.png 1 0 0 85 68
p/p119.png 1 0 0 107 98
p/p118.png 1 0 0 112 69
p/p117.png 1 0 0 106 77
p/p116.png 1 0 0 111 92
p/p115.png 1 0 0 111 104
p/p114.png 1 0 0 113 98
p/p113.png 1 0 0 114 104
p/p112.png 1 0 0 113 101
p/p111.png 1 0 0 114 76
p/p110.png 1 0 0 115 67
p/p109.png 1 0 0 116 94
p/p108.png 1 0 0 116 124
p/p107.png 1 0 0 37 84
p/p106.png 1 0 0 42 83
p/p105.png 1 0 0 46 101
p/p104.png 1 0 0 46 93
p/p103.png 1 0 0 36 84
p/p102.png 1 0 0 32 85
p/p101.png 1 0 0 35 83
p/p100.png 1 0 0 38 88
p/p99.png 1 0 0 33 80
p/p98.png 1 0 0 35 89
p/p97.png 1 0 0 37 88
p/p96.png 1 0 0 48 90
p/p95.png 1 0 0 32 85
p/p94.png 1 0 0 34 83
p/p93.png 1 0 0 28 86
p/p92.png 1 0 0 30 88
p/p91.png 1 0 0 28 82
p/p90.png 1 0 0 29 81
p/p89.png 1 0 0 25 75
p/p88.png 1 0 0 28 79
p/p87.png 1 0 0 28 79
p/p86.png 1 0 0 27 77
p/p85.png 1 0 0 30 77
p/p84.png 1 0 0 29 75
p/p83.png 1 0 0 30 75
p/p82.png 1 0 0 30 81
p/p81.png 1 0 0 30 83
p/p80.png 1 0 0 31 73
p/p79.png 1 0 0 32 70
p/p78.png 1 0 0 31 73
p/p77.png 1 0 0 35 85
p/p76.png 1 0 0 36 82
p/p75.png 1 0 0 38 83
p/p74.png 1 0 0 36 89
p/p73.png 1 0 0 36 93
p/p72.png 1 0 0 38 89
p/p71.png 1 0 0 33 83
p/p70.png 1 0 0 48 98
p/p69.png 1 0 0 43 89
p/p68.png 1 0 0 37 85
p/p67.png 1 0 0 35 81
p/p66.png 1 0 0 36 80
p/p65.png 1 0 0 32 79
p/p64.png 1 0 0 39 77
p/p63.png 1 0 0 41 85
p/p62.png 1 0 0 45 94
p/p61.png 1 0 0 42 88
p/p60.png 1 0 0 41 82
p/p59.png 1 0 0 42 83
p/p58.png 1 0 0 44 88
p/p57.png 1 0 0 37 83
p/p56.png 1 0 0 42 82
p/p55.png 1 0 0 44 83
p/p54.png 1 0 0 49 90
p/p53.png 1 0 0 43 89
p/p52.png 1 0 0 38 87
p/p51.png 1 0 0 44 89
p/p50.png 1 0 0 43 95
p/p49.png 1 0 0 38 86
p/p48.png 1 0 0 42 82
p/p47.png 1 0 0 46 90
p/p46.png 1 0 0 47 93
p/p45.png 1 0 0 49 91
p/p44.png 1 0 0 43 91
p/p43.png 1 0 0 39 78
p/p42.png 1 0 0 46 82
p/p41.png 1 0 0 40 79
p/p40.png 1 0 0 49 80
p/p39.png 1 0 0 44 90
p/p34.png 1 0 0 37 87
p/p33.png 1 0 0 44 87
p/p32.png 1 0 0 44 85
p/p38.png 1 0 0 46 87
p/p37.png 1 0 0 39 84
p/p36.png 1 0 0 40 79
p/p35.png 1 0 0 41 80
p/p31.png 1 0 0 37 77
p/p30.png 1 0 0 39 80
p/p29.png 1 0 0 44 82
p/p28.png 1 0 0 40 84
p/p27.png 1 0 0 41 82
p/p26.png 1 0 0 41 77
p/p25.png 1 0 0 49 83
p/p24.png 1 0 0 39 78
p/p23.png 1 0 0 37 75
p/p22.png 1 0 0 36 72
p/p21.png 1 0 0 31 71
p/p20.png 1 0 0 37 70
p/p19.png 1 0 0 38 73
p/p18.png 1 0 0 28 68
p/p17.png 1 0 0 33 68
p/p16.png 1 0 0 28 71
p/p15.png 1 0 0 29 65
p/p14.png 1 0 0 27 63
p/p13.png 1 0 0 27 69
p/p12.png 1 0 0 28 65
p/p11.png 1 0 0 29 65
p/p10.png 1 0 0 31 65
p/p9.png 1 0 0 29 63
p/p8.png 1 0 0 30 69
p/p7.png 1 0 0 31 67
p/p6.png 1 0 0 33 75
p/p5.png 1 0 0 35 73
p/p4.png 1 0 0 36 78
p/p3.png 1 0 0 35 82
p/p2.png 1 0 0 35 79
p/p1.png 1 0 0 39 85
p/p360.png 1 0 0 103 82
p/p358.png 1 0 0 85 92
p/p341.png 1 0 0 84 97
p/p337.png 1 0 0 106 87
p/p334.png 1 0 0 101 81
p/p333.png 1 0 0 106 78
p/p327.png 1 0 0 96 112
p/p323.png 1 0 0 100 83
p/p317.png 1 0 0 129 58
p/p316.png 1 0 0 96 64
p/p312.png 1 0 0 94 50
p/p310.png 1 0 0 80 51
p/p308.png 1 0 0 91 52
p/p307.png 1 0 0 47 107
p/p306.png 1 0 0 50 109
p/p305.png 1 0 0 50 149